c:\users\wonhee\desktop\과제결과 (1)\smart_fmms\smart_fmms\debug\smart_fmms.pch
c:\users\wonhee\desktop\과제결과 (1)\smart_fmms\smart_fmms\debug\vc120.pdb
c:\users\wonhee\desktop\과제결과 (1)\smart_fmms\smart_fmms\debug\vc120.idb
c:\users\wonhee\desktop\과제결과 (1)\smart_fmms\smart_fmms\debug\stdafx.obj
c:\users\wonhee\desktop\과제결과 (1)\smart_fmms\smart_fmms\debug\dlgenclosureadd.obj
c:\users\wonhee\desktop\과제결과 (1)\smart_fmms\smart_fmms\debug\dlgenclosuremonitering.obj
c:\users\wonhee\desktop\과제결과 (1)\smart_fmms\smart_fmms\debug\dlgmap.obj
c:\users\wonhee\desktop\과제결과 (1)\smart_fmms\smart_fmms\debug\dlgmccheck.obj
c:\users\wonhee\desktop\과제결과 (1)\smart_fmms\smart_fmms\debug\dlgmcmonitering.obj
c:\users\wonhee\desktop\과제결과 (1)\smart_fmms\smart_fmms\debug\dlgstatistics.obj
c:\users\wonhee\desktop\과제결과 (1)\smart_fmms\smart_fmms\debug\smart_fmms.obj
c:\users\wonhee\desktop\과제결과 (1)\smart_fmms\smart_fmms\debug\smart_fmmsdlg.obj
c:\users\wonhee\desktop\과제결과 (1)\smart_fmms\debug\smart_fmms.ilk
c:\users\wonhee\desktop\과제결과 (1)\smart_fmms\debug\smart_fmms.exe
c:\users\wonhee\desktop\과제결과 (1)\smart_fmms\debug\smart_fmms.pdb
c:\users\wonhee\desktop\과제결과 (1)\smart_fmms\smart_fmms\debug\smart_fmms.res
c:\users\wonhee\desktop\과제결과 (1)\smart_fmms\smart_fmms\debug\smart_fmms.tlog\cl.command.1.tlog
c:\users\wonhee\desktop\과제결과 (1)\smart_fmms\smart_fmms\debug\smart_fmms.tlog\cl.read.1.tlog
c:\users\wonhee\desktop\과제결과 (1)\smart_fmms\smart_fmms\debug\smart_fmms.tlog\cl.write.1.tlog
c:\users\wonhee\desktop\과제결과 (1)\smart_fmms\smart_fmms\debug\smart_fmms.tlog\link.command.1.tlog
c:\users\wonhee\desktop\과제결과 (1)\smart_fmms\smart_fmms\debug\smart_fmms.tlog\link.read.1.tlog
c:\users\wonhee\desktop\과제결과 (1)\smart_fmms\smart_fmms\debug\smart_fmms.tlog\link.write.1.tlog
c:\users\wonhee\desktop\과제결과 (1)\smart_fmms\smart_fmms\debug\smart_fmms.tlog\rc.command.1.tlog
c:\users\wonhee\desktop\과제결과 (1)\smart_fmms\smart_fmms\debug\smart_fmms.tlog\rc.read.1.tlog
c:\users\wonhee\desktop\과제결과 (1)\smart_fmms\smart_fmms\debug\smart_fmms.tlog\rc.write.1.tlog
